0 info it worked if it ends with ok
1 verbose cli [ 'C:\\JavaEEWorkspace\\SDTW-AC-webCMS\\eu.tuiasi.webcms\\webCMS-war\\node\\node.exe',
1 verbose cli   'C:\\JavaEEWorkspace\\SDTW-AC-webCMS\\eu.tuiasi.webcms\\webCMS-war\\node\\node_modules\\npm\\bin\\npm-cli.js',
1 verbose cli   'run',
1 verbose cli   'build' ]
2 info using npm@3.5.3
3 info using node@v4.2.1
4 verbose run-script [ 'prebuild', 'build', 'postbuild' ]
5 info lifecycle webcms-war@1.0.0~prebuild: webcms-war@1.0.0
6 silly lifecycle webcms-war@1.0.0~prebuild: no script for prebuild, continuing
7 info lifecycle webcms-war@1.0.0~build: webcms-war@1.0.0
8 verbose lifecycle webcms-war@1.0.0~build: unsafe-perm in lifecycle true
9 verbose lifecycle webcms-war@1.0.0~build: PATH: C:\JavaEEWorkspace\SDTW-AC-webCMS\eu.tuiasi.webcms\webCMS-war\node\node_modules\npm\bin\node-gyp-bin;C:\JavaEEWorkspace\SDTW-AC-webCMS\eu.tuiasi.webcms\webCMS-war\node_modules\.bin;C:\windows\System32;C:\windows;C:\windows\System32\Wbem;C:\oraclexe\app\oracle\product\11.2.0\server\bin;C:\ProgramData\Oracle\Java\javapath;C:\windows\System32\WindowsPowerShell\v1.0\;C:\Program Files (x86)\Intel\OpenCL SDK\3.0\bin\x86;C:\Program Files (x86)\Intel\OpenCL SDK\3.0\bin\x64;c:\programdata\IPGM\OraPGM64\Oracle\Client11gR2\bin;c:\programdata\IPGM\OraPGM32\Oracle\Client11gR2\bin;C:\Program Files (x86)\CheckPoint\Endpoint Security\Endpoint Common\bin;C:\PROGRA~1\IBM\SQLLIB\BIN;C:\JavaEETools\Maven\apache-maven-3.0.4\bin;C:\PROGRA~1\IBM\SQLLIB\FUNCTION;C:\Program Files\TortoiseSVN\bin;C:\Program Files (x86)\SafeCom\SafeComPrintClient;C:\JavaEEWorkspace\SDTW-AC-webCMS\eu.tuiasi.webcms\webCMS-war\node;C:\Program Files\Git\cmd;\\M00PW006.HD00.UNICREDITGROUP.EU\C312081$\C312081.HOME\Redirected_Profile\AppData\npm;C:\Program Files\Microsoft VS Code\bin
10 verbose lifecycle webcms-war@1.0.0~build: CWD: C:\JavaEEWorkspace\SDTW-AC-webCMS\eu.tuiasi.webcms\webCMS-war
11 silly lifecycle webcms-war@1.0.0~build: Args: [ '/d /s /c', 'webpack -p' ]
12 silly lifecycle webcms-war@1.0.0~build: Returned: code: 1  signal: null
13 info lifecycle webcms-war@1.0.0~build: Failed to exec build script
14 verbose stack Error: webcms-war@1.0.0 build: `webpack -p`
14 verbose stack Exit status 1
14 verbose stack     at EventEmitter.<anonymous> (C:\JavaEEWorkspace\SDTW-AC-webCMS\eu.tuiasi.webcms\webCMS-war\node\node_modules\npm\lib\utils\lifecycle.js:232:16)
14 verbose stack     at emitTwo (events.js:87:13)
14 verbose stack     at EventEmitter.emit (events.js:172:7)
14 verbose stack     at ChildProcess.<anonymous> (C:\JavaEEWorkspace\SDTW-AC-webCMS\eu.tuiasi.webcms\webCMS-war\node\node_modules\npm\lib\utils\spawn.js:24:14)
14 verbose stack     at emitTwo (events.js:87:13)
14 verbose stack     at ChildProcess.emit (events.js:172:7)
14 verbose stack     at maybeClose (internal/child_process.js:818:16)
14 verbose stack     at Process.ChildProcess._handle.onexit (internal/child_process.js:211:5)
15 verbose pkgid webcms-war@1.0.0
16 verbose cwd C:\JavaEEWorkspace\SDTW-AC-webCMS\eu.tuiasi.webcms\webCMS-war
17 error Windows_NT 6.1.7601
18 error argv "C:\\JavaEEWorkspace\\SDTW-AC-webCMS\\eu.tuiasi.webcms\\webCMS-war\\node\\node.exe" "C:\\JavaEEWorkspace\\SDTW-AC-webCMS\\eu.tuiasi.webcms\\webCMS-war\\node\\node_modules\\npm\\bin\\npm-cli.js" "run" "build"
19 error node v4.2.1
20 error npm  v3.5.3
21 error code ELIFECYCLE
22 error webcms-war@1.0.0 build: `webpack -p`
22 error Exit status 1
23 error Failed at the webcms-war@1.0.0 build script 'webpack -p'.
23 error Make sure you have the latest version of node.js and npm installed.
23 error If you do, this is most likely a problem with the webcms-war package,
23 error not with npm itself.
23 error Tell the author that this fails on your system:
23 error     webpack -p
23 error You can get information on how to open an issue for this project with:
23 error     npm bugs webcms-war
23 error Or if that isn't available, you can get their info via:
23 error     npm owner ls webcms-war
23 error There is likely additional logging output above.
24 verbose exit [ 1, true ]
